{"error":"invalid character 'o' in literal null (expecting 'u')","origin":"logs.info","raw":"not json at all"}
{"error":"invalid character '\u003c' looking for beginning of value","origin":"logs.info","raw":"\u003c13\u003eMay 8 host sshd[1234]: invalid user admin"}
{"error":"json: cannot unmarshal number into Go struct field LogEntry.level of type string","origin":"logs.info","raw":"{\"timestamp\":\"now\",\"level\":42,\"status_code\":\"OK\",\"response_time_ms\":\"fast\"}"}
{"error":"invalid character '\u003c' looking for beginning of value","origin":"logs.info","raw":"\u003c13\u003eMay 8 host sshd[1234]: invalid user admin"}
{"error":"json: cannot unmarshal number into Go struct field LogEntry.level of type string","origin":"logs.error","raw":"{\"timestamp\":\"now\",\"level\":42,\"status_code\":\"OK\",\"response_time_ms\":\"fast\"}"}
{"error":"json: cannot unmarshal number into Go struct field LogEntry.level of type string","origin":"logs.error","raw":"{\"timestamp\":\"now\",\"level\":42,\"status_code\":\"OK\",\"response_time_ms\":\"fast\"}"}
{"error":"json: cannot unmarshal number into Go struct field LogEntry.level of type string","origin":"logs.error","raw":"{\"timestamp\":\"now\",\"level\":42,\"status_code\":\"OK\",\"response_time_ms\":\"fast\"}"}
{"error":"invalid character 'o' in literal null (expecting 'u')","origin":"logs.error","raw":"not json at all"}
{"error":"missing required fields: level=\"\" service=\"\" status_code=0","origin":"logs.warn","raw":"{}"}
{"error":"json: cannot unmarshal number into Go struct field LogEntry.level of type string","origin":"logs.error","raw":"{\"timestamp\":\"now\",\"level\":42,\"status_code\":\"OK\",\"response_time_ms\":\"fast\"}"}
{"error":"json: cannot unmarshal number into Go struct field LogEntry.level of type string","origin":"logs.error","raw":"{\"timestamp\":\"now\",\"level\":42,\"status_code\":\"OK\",\"response_time_ms\":\"fast\"}"}
{"error":"missing required fields: level=\"info\" service=\"broken-service\" status_code=0","origin":"logs.error","raw":"{\"level\":\"info\",\"service\":\"broken-service\"}"}
{"error":"invalid character '\u003c' looking for beginning of value","origin":"logs.info","raw":"\u003c13\u003eMay 8 host sshd[1234]: invalid user admin"}
{"error":"missing required fields: level=\"info\" service=\"broken-service\" status_code=0","origin":"logs.info","raw":"{\"level\":\"info\",\"service\":\"broken-service\"}"}
{"error":"invalid character 'o' in literal null (expecting 'u')","origin":"logs.info","raw":"not json at all"}
{"error":"missing required fields: level=\"\" service=\"\" status_code=0","origin":"logs.info","raw":"{}"}
{"error":"missing required fields: level=\"info\" service=\"broken-service\" status_code=0","origin":"logs.info","raw":"{\"level\":\"info\",\"service\":\"broken-service\"}"}
{"error":"invalid character 'o' in literal null (expecting 'u')","origin":"logs.error","raw":"not json at all"}
{"error":"missing required fields: level=\"info\" service=\"broken-service\" status_code=0","origin":"logs.info","raw":"{\"level\":\"info\",\"service\":\"broken-service\"}"}
{"error":"missing required fields: level=\"\" service=\"\" status_code=0","origin":"logs.info","raw":"{}"}
{"error":"missing required fields: level=\"info\" service=\"broken-service\" status_code=0","origin":"logs.info","raw":"{\"level\":\"info\",\"service\":\"broken-service\"}"}
{"error":"invalid character 'o' in literal null (expecting 'u')","origin":"logs.info","raw":"not json at all"}
{"error":"missing required fields: level=\"info\" service=\"broken-service\" status_code=0","origin":"logs.info","raw":"{\"level\":\"info\",\"service\":\"broken-service\"}"}
{"error":"missing required fields: level=\"info\" service=\"broken-service\" status_code=0","origin":"logs.warn","raw":"{\"level\":\"info\",\"service\":\"broken-service\"}"}
{"error":"missing required fields: level=\"\" service=\"\" status_code=0","origin":"logs.info","raw":"{}"}
{"error":"missing required fields: level=\"info\" service=\"broken-service\" status_code=0","origin":"logs.info","raw":"{\"level\":\"info\",\"service\":\"broken-service\"}"}
{"error":"invalid character '\u003c' looking for beginning of value","origin":"logs.warn","raw":"\u003c13\u003eMay 8 host sshd[1234]: invalid user admin"}
{"error":"missing required fields: level=\"info\" service=\"broken-service\" status_code=0","origin":"logs.info","raw":"{\"level\":\"info\",\"service\":\"broken-service\"}"}
{"error":"missing required fields: level=\"info\" service=\"broken-service\" status_code=0","origin":"logs.info","raw":"{\"level\":\"info\",\"service\":\"broken-service\"}"}
{"error":"missing required fields: level=\"\" service=\"\" status_code=0","origin":"logs.info","raw":"{}"}
{"error":"missing required fields: level=\"info\" service=\"broken-service\" status_code=0","origin":"logs.info","raw":"{\"level\":\"info\",\"service\":\"broken-service\"}"}
{"error":"missing required fields: level=\"info\" service=\"broken-service\" status_code=0","origin":"logs.info","raw":"{\"level\":\"info\",\"service\":\"broken-service\"}"}
{"error":"missing required fields: level=\"info\" service=\"broken-service\" status_code=0","origin":"logs.info","raw":"{\"level\":\"info\",\"service\":\"broken-service\"}"}
{"error":"missing required fields: level=\"\" service=\"\" status_code=0","origin":"logs.info","raw":"{}"}
{"error":"missing required fields: level=\"info\" service=\"broken-service\" status_code=0","origin":"logs.info","raw":"{\"level\":\"info\",\"service\":\"broken-service\"}"}
{"error":"missing required fields: level=\"info\" service=\"broken-service\" status_code=0","origin":"logs.warn","raw":"{\"level\":\"info\",\"service\":\"broken-service\"}"}
{"error":"missing required fields: level=\"info\" service=\"broken-service\" status_code=0","origin":"logs.info","raw":"{\"level\":\"info\",\"service\":\"broken-service\"}"}
{"error":"invalid character 'o' in literal null (expecting 'u')","origin":"logs.info","raw":"not json at all"}
{"error":"invalid character 'o' in literal null (expecting 'u')","origin":"logs.warn","raw":"not json at all"}
{"error":"missing required fields: level=\"info\" service=\"broken-service\" status_code=0","origin":"logs.info","raw":"{\"level\":\"info\",\"service\":\"broken-service\"}"}
{"error":"missing required fields: level=\"info\" service=\"broken-service\" status_code=0","origin":"logs.info","raw":"{\"level\":\"info\",\"service\":\"broken-service\"}"}
{"error":"missing required fields: level=\"info\" service=\"broken-service\" status_code=0","origin":"logs.warn","raw":"{\"level\":\"info\",\"service\":\"broken-service\"}"}
{"error":"missing required fields: level=\"info\" service=\"broken-service\" status_code=0","origin":"logs.info","raw":"{\"level\":\"info\",\"service\":\"broken-service\"}"}
{"error":"invalid character '\u003c' looking for beginning of value","origin":"logs.error","raw":"\u003c13\u003eMay 8 host sshd[1234]: invalid user admin"}
{"error":"missing required fields: level=\"info\" service=\"broken-service\" status_code=0","origin":"logs.info","raw":"{\"level\":\"info\",\"service\":\"broken-service\"}"}
{"error":"missing required fields: level=\"info\" service=\"broken-service\" status_code=0","origin":"logs.info","raw":"{\"level\":\"info\",\"service\":\"broken-service\"}"}
{"error":"missing required fields: level=\"info\" service=\"broken-service\" status_code=0","origin":"logs.info","raw":"{\"level\":\"info\",\"service\":\"broken-service\"}"}
{"error":"missing required fields: level=\"info\" service=\"broken-service\" status_code=0","origin":"logs.info","raw":"{\"level\":\"info\",\"service\":\"broken-service\"}"}
{"error":"missing required fields: level=\"info\" service=\"broken-service\" status_code=0","origin":"logs.info","raw":"{\"level\":\"info\",\"service\":\"broken-service\"}"}
{"error":"missing required fields: level=\"info\" service=\"broken-service\" status_code=0","origin":"logs.info","raw":"{\"level\":\"info\",\"service\":\"broken-service\"}"}
{"error":"missing required fields: level=\"info\" service=\"broken-service\" status_code=0","origin":"logs.info","raw":"{\"level\":\"info\",\"service\":\"broken-service\"}"}
{"error":"missing required fields: level=\"\" service=\"\" status_code=0","origin":"logs.info","raw":"{}"}
{"error":"missing required fields: level=\"info\" service=\"broken-service\" status_code=0","origin":"logs.info","raw":"{\"level\":\"info\",\"service\":\"broken-service\"}"}
{"error":"missing required fields: level=\"info\" service=\"broken-service\" status_code=0","origin":"logs.info","raw":"{\"level\":\"info\",\"service\":\"broken-service\"}"}
{"error":"missing required fields: level=\"\" service=\"\" status_code=0","origin":"logs.info","raw":"{}"}
{"error":"missing required fields: level=\"info\" service=\"broken-service\" status_code=0","origin":"logs.info","raw":"{\"level\":\"info\",\"service\":\"broken-service\"}"}
{"error":"missing required fields: level=\"info\" service=\"broken-service\" status_code=0","origin":"logs.info","raw":"{\"level\":\"info\",\"service\":\"broken-service\"}"}
{"error":"missing required fields: level=\"\" service=\"\" status_code=0","origin":"logs.info","raw":"{}"}
{"error":"missing required fields: level=\"info\" service=\"broken-service\" status_code=0","origin":"logs.info","raw":"{\"level\":\"info\",\"service\":\"broken-service\"}"}
{"error":"missing required fields: level=\"info\" service=\"broken-service\" status_code=0","origin":"logs.info","raw":"{\"level\":\"info\",\"service\":\"broken-service\"}"}
{"error":"missing required fields: level=\"\" service=\"\" status_code=0","origin":"logs.info","raw":"{}"}
{"error":"missing required fields: level=\"info\" service=\"broken-service\" status_code=0","origin":"logs.info","raw":"{\"level\":\"info\",\"service\":\"broken-service\"}"}
{"error":"missing required fields: level=\"info\" service=\"broken-service\" status_code=0","origin":"logs.info","raw":"{\"level\":\"info\",\"service\":\"broken-service\"}"}
{"error":"missing required fields: level=\"\" service=\"\" status_code=0","origin":"logs.info","raw":"{}"}
{"error":"missing required fields: level=\"info\" service=\"broken-service\" status_code=0","origin":"logs.info","raw":"{\"level\":\"info\",\"service\":\"broken-service\"}"}
{"error":"missing required fields: level=\"info\" service=\"broken-service\" status_code=0","origin":"logs.info","raw":"{\"level\":\"info\",\"service\":\"broken-service\"}"}
{"error":"missing required fields: level=\"\" service=\"\" status_code=0","origin":"logs.info","raw":"{}"}
{"error":"missing required fields: level=\"info\" service=\"broken-service\" status_code=0","origin":"logs.info","raw":"{\"level\":\"info\",\"service\":\"broken-service\"}"}
{"error":"missing required fields: level=\"info\" service=\"broken-service\" status_code=0","origin":"logs.info","raw":"{\"level\":\"info\",\"service\":\"broken-service\"}"}
{"error":"missing required fields: level=\"\" service=\"\" status_code=0","origin":"logs.info","raw":"{}"}
{"error":"json: cannot unmarshal number into Go struct field LogEntry.level of type string","origin":"logs.warn","raw":"{\"timestamp\":\"now\",\"level\":42,\"status_code\":\"OK\",\"response_time_ms\":\"fast\"}"}
{"error":"missing required fields: level=\"info\" service=\"broken-service\" status_code=0","origin":"logs.info","raw":"{\"level\":\"info\",\"service\":\"broken-service\"}"}
{"error":"missing required fields: level=\"info\" service=\"broken-service\" status_code=0","origin":"logs.info","raw":"{\"level\":\"info\",\"service\":\"broken-service\"}"}
{"error":"missing required fields: level=\"\" service=\"\" status_code=0","origin":"logs.info","raw":"{}"}
{"error":"missing required fields: level=\"info\" service=\"broken-service\" status_code=0","origin":"logs.info","raw":"{\"level\":\"info\",\"service\":\"broken-service\"}"}
{"error":"missing required fields: level=\"info\" service=\"broken-service\" status_code=0","origin":"logs.info","raw":"{\"level\":\"info\",\"service\":\"broken-service\"}"}
{"error":"missing required fields: level=\"\" service=\"\" status_code=0","origin":"logs.info","raw":"{}"}
{"error":"missing required fields: level=\"info\" service=\"broken-service\" status_code=0","origin":"logs.warn","raw":"{\"level\":\"info\",\"service\":\"broken-service\"}"}
{"error":"missing required fields: level=\"info\" service=\"broken-service\" status_code=0","origin":"logs.info","raw":"{\"level\":\"info\",\"service\":\"broken-service\"}"}
{"error":"missing required fields: level=\"info\" service=\"broken-service\" status_code=0","origin":"logs.info","raw":"{\"level\":\"info\",\"service\":\"broken-service\"}"}
{"error":"missing required fields: level=\"\" service=\"\" status_code=0","origin":"logs.info","raw":"{}"}
{"error":"missing required fields: level=\"info\" service=\"broken-service\" status_code=0","origin":"logs.info","raw":"{\"level\":\"info\",\"service\":\"broken-service\"}"}
{"error":"missing required fields: level=\"info\" service=\"broken-service\" status_code=0","origin":"logs.info","raw":"{\"level\":\"info\",\"service\":\"broken-service\"}"}
{"error":"missing required fields: level=\"info\" service=\"broken-service\" status_code=0","origin":"logs.info","raw":"{\"level\":\"info\",\"service\":\"broken-service\"}"}
{"error":"missing required fields: level=\"\" service=\"\" status_code=0","origin":"logs.info","raw":"{}"}
{"error":"missing required fields: level=\"info\" service=\"broken-service\" status_code=0","origin":"logs.info","raw":"{\"level\":\"info\",\"service\":\"broken-service\"}"}
{"error":"missing required fields: level=\"info\" service=\"broken-service\" status_code=0","origin":"logs.info","raw":"{\"level\":\"info\",\"service\":\"broken-service\"}"}
{"error":"missing required fields: level=\"info\" service=\"broken-service\" status_code=0","origin":"logs.info","raw":"{\"level\":\"info\",\"service\":\"broken-service\"}"}
{"error":"missing required fields: level=\"\" service=\"\" status_code=0","origin":"logs.info","raw":"{}"}
{"error":"missing required fields: level=\"info\" service=\"broken-service\" status_code=0","origin":"logs.info","raw":"{\"level\":\"info\",\"service\":\"broken-service\"}"}
{"error":"missing required fields: level=\"info\" service=\"broken-service\" status_code=0","origin":"logs.info","raw":"{\"level\":\"info\",\"service\":\"broken-service\"}"}
{"error":"missing required fields: level=\"info\" service=\"broken-service\" status_code=0","origin":"logs.info","raw":"{\"level\":\"info\",\"service\":\"broken-service\"}"}
{"error":"missing required fields: level=\"\" service=\"\" status_code=0","origin":"logs.info","raw":"{}"}
{"error":"missing required fields: level=\"\" service=\"\" status_code=0","origin":"logs.warn","raw":"{}"}
{"error":"missing required fields: level=\"info\" service=\"broken-service\" status_code=0","origin":"logs.info","raw":"{\"level\":\"info\",\"service\":\"broken-service\"}"}
{"error":"invalid character '\u003c' looking for beginning of value","origin":"logs.warn","raw":"\u003c13\u003eMay 8 host sshd[1234]: invalid user admin"}
{"error":"missing required fields: level=\"info\" service=\"broken-service\" status_code=0","origin":"logs.info","raw":"{\"level\":\"info\",\"service\":\"broken-service\"}"}
{"error":"missing required fields: level=\"info\" service=\"broken-service\" status_code=0","origin":"logs.info","raw":"{\"level\":\"info\",\"service\":\"broken-service\"}"}
{"error":"missing required fields: level=\"\" service=\"\" status_code=0","origin":"logs.info","raw":"{}"}
{"error":"missing required fields: level=\"\" service=\"\" status_code=0","origin":"logs.info","raw":"{}"}
{"error":"missing required fields: level=\"info\" service=\"broken-service\" status_code=0","origin":"logs.info","raw":"{\"level\":\"info\",\"service\":\"broken-service\"}"}
{"error":"missing required fields: level=\"info\" service=\"broken-service\" status_code=0","origin":"logs.info","raw":"{\"level\":\"info\",\"service\":\"broken-service\"}"}
{"error":"missing required fields: level=\"info\" service=\"broken-service\" status_code=0","origin":"logs.info","raw":"{\"level\":\"info\",\"service\":\"broken-service\"}"}
{"error":"missing required fields: level=\"\" service=\"\" status_code=0","origin":"logs.info","raw":"{}"}
{"error":"missing required fields: level=\"\" service=\"\" status_code=0","origin":"logs.info","raw":"{}"}
{"error":"missing required fields: level=\"info\" service=\"broken-service\" status_code=0","origin":"logs.info","raw":"{\"level\":\"info\",\"service\":\"broken-service\"}"}
{"error":"invalid character 'o' in literal null (expecting 'u')","origin":"logs.warn","raw":"not json at all"}
{"error":"missing required fields: level=\"info\" service=\"broken-service\" status_code=0","origin":"logs.info","raw":"{\"level\":\"info\",\"service\":\"broken-service\"}"}
{"error":"missing required fields: level=\"info\" service=\"broken-service\" status_code=0","origin":"logs.info","raw":"{\"level\":\"info\",\"service\":\"broken-service\"}"}
{"error":"invalid character '\u003c' looking for beginning of value","origin":"logs.warn","raw":"\u003c13\u003eMay 8 host sshd[1234]: invalid user admin"}
{"error":"missing required fields: level=\"\" service=\"\" status_code=0","origin":"logs.info","raw":"{}"}
{"error":"missing required fields: level=\"\" service=\"\" status_code=0","origin":"logs.info","raw":"{}"}
{"error":"missing required fields: level=\"info\" service=\"broken-service\" status_code=0","origin":"logs.info","raw":"{\"level\":\"info\",\"service\":\"broken-service\"}"}
{"error":"missing required fields: level=\"info\" service=\"broken-service\" status_code=0","origin":"logs.info","raw":"{\"level\":\"info\",\"service\":\"broken-service\"}"}
{"error":"missing required fields: level=\"info\" service=\"broken-service\" status_code=0","origin":"logs.info","raw":"{\"level\":\"info\",\"service\":\"broken-service\"}"}
{"error":"missing required fields: level=\"\" service=\"\" status_code=0","origin":"logs.info","raw":"{}"}
{"error":"missing required fields: level=\"\" service=\"\" status_code=0","origin":"logs.info","raw":"{}"}
{"error":"missing required fields: level=\"info\" service=\"broken-service\" status_code=0","origin":"logs.info","raw":"{\"level\":\"info\",\"service\":\"broken-service\"}"}
{"error":"missing required fields: level=\"info\" service=\"broken-service\" status_code=0","origin":"logs.info","raw":"{\"level\":\"info\",\"service\":\"broken-service\"}"}
{"error":"missing required fields: level=\"info\" service=\"broken-service\" status_code=0","origin":"logs.info","raw":"{\"level\":\"info\",\"service\":\"broken-service\"}"}
{"error":"missing required fields: level=\"\" service=\"\" status_code=0","origin":"logs.info","raw":"{}"}
{"error":"missing required fields: level=\"\" service=\"\" status_code=0","origin":"logs.info","raw":"{}"}
{"error":"missing required fields: level=\"info\" service=\"broken-service\" status_code=0","origin":"logs.info","raw":"{\"level\":\"info\",\"service\":\"broken-service\"}"}
{"error":"missing required fields: level=\"info\" service=\"broken-service\" status_code=0","origin":"logs.info","raw":"{\"level\":\"info\",\"service\":\"broken-service\"}"}
{"error":"missing required fields: level=\"info\" service=\"broken-service\" status_code=0","origin":"logs.info","raw":"{\"level\":\"info\",\"service\":\"broken-service\"}"}
{"error":"missing required fields: level=\"\" service=\"\" status_code=0","origin":"logs.info","raw":"{}"}
{"error":"missing required fields: level=\"\" service=\"\" status_code=0","origin":"logs.info","raw":"{}"}
{"error":"missing required fields: level=\"info\" service=\"broken-service\" status_code=0","origin":"logs.info","raw":"{\"level\":\"info\",\"service\":\"broken-service\"}"}
{"error":"missing required fields: level=\"info\" service=\"broken-service\" status_code=0","origin":"logs.info","raw":"{\"level\":\"info\",\"service\":\"broken-service\"}"}
{"error":"missing required fields: level=\"info\" service=\"broken-service\" status_code=0","origin":"logs.info","raw":"{\"level\":\"info\",\"service\":\"broken-service\"}"}
{"error":"json: cannot unmarshal number into Go struct field LogEntry.level of type string","origin":"logs.info","raw":"{\"timestamp\":\"now\",\"level\":42,\"status_code\":\"OK\",\"response_time_ms\":\"fast\"}"}
{"error":"missing required fields: level=\"\" service=\"\" status_code=0","origin":"logs.info","raw":"{}"}
{"error":"missing required fields: level=\"\" service=\"\" status_code=0","origin":"logs.info","raw":"{}"}
{"error":"missing required fields: level=\"info\" service=\"broken-service\" status_code=0","origin":"logs.info","raw":"{\"level\":\"info\",\"service\":\"broken-service\"}"}
{"error":"missing required fields: level=\"info\" service=\"broken-service\" status_code=0","origin":"logs.info","raw":"{\"level\":\"info\",\"service\":\"broken-service\"}"}
{"error":"missing required fields: level=\"\" service=\"\" status_code=0","origin":"logs.error","raw":"{}"}
{"error":"missing required fields: level=\"info\" service=\"broken-service\" status_code=0","origin":"logs.info","raw":"{\"level\":\"info\",\"service\":\"broken-service\"}"}
{"error":"missing required fields: level=\"\" service=\"\" status_code=0","origin":"logs.info","raw":"{}"}
{"error":"missing required fields: level=\"\" service=\"\" status_code=0","origin":"logs.info","raw":"{}"}
{"error":"missing required fields: level=\"info\" service=\"broken-service\" status_code=0","origin":"logs.info","raw":"{\"level\":\"info\",\"service\":\"broken-service\"}"}
{"error":"missing required fields: level=\"info\" service=\"broken-service\" status_code=0","origin":"logs.info","raw":"{\"level\":\"info\",\"service\":\"broken-service\"}"}
{"error":"missing required fields: level=\"\" service=\"\" status_code=0","origin":"logs.info","raw":"{}"}
{"error":"missing required fields: level=\"info\" service=\"broken-service\" status_code=0","origin":"logs.info","raw":"{\"level\":\"info\",\"service\":\"broken-service\"}"}
{"error":"missing required fields: level=\"\" service=\"\" status_code=0","origin":"logs.info","raw":"{}"}
{"error":"missing required fields: level=\"\" service=\"\" status_code=0","origin":"logs.info","raw":"{}"}
{"error":"missing required fields: level=\"info\" service=\"broken-service\" status_code=0","origin":"logs.info","raw":"{\"level\":\"info\",\"service\":\"broken-service\"}"}
{"error":"missing required fields: level=\"info\" service=\"broken-service\" status_code=0","origin":"logs.info","raw":"{\"level\":\"info\",\"service\":\"broken-service\"}"}
{"error":"missing required fields: level=\"\" service=\"\" status_code=0","origin":"logs.info","raw":"{}"}
{"error":"missing required fields: level=\"info\" service=\"broken-service\" status_code=0","origin":"logs.info","raw":"{\"level\":\"info\",\"service\":\"broken-service\"}"}
{"error":"missing required fields: level=\"\" service=\"\" status_code=0","origin":"logs.info","raw":"{}"}
{"error":"missing required fields: level=\"\" service=\"\" status_code=0","origin":"logs.info","raw":"{}"}
{"error":"missing required fields: level=\"info\" service=\"broken-service\" status_code=0","origin":"logs.info","raw":"{\"level\":\"info\",\"service\":\"broken-service\"}"}
{"error":"missing required fields: level=\"info\" service=\"broken-service\" status_code=0","origin":"logs.info","raw":"{\"level\":\"info\",\"service\":\"broken-service\"}"}
{"error":"missing required fields: level=\"\" service=\"\" status_code=0","origin":"logs.info","raw":"{}"}
{"error":"missing required fields: level=\"info\" service=\"broken-service\" status_code=0","origin":"logs.info","raw":"{\"level\":\"info\",\"service\":\"broken-service\"}"}
{"error":"missing required fields: level=\"info\" service=\"broken-service\" status_code=0","origin":"logs.info","raw":"{\"level\":\"info\",\"service\":\"broken-service\"}"}
{"error":"missing required fields: level=\"\" service=\"\" status_code=0","origin":"logs.info","raw":"{}"}
{"error":"missing required fields: level=\"\" service=\"\" status_code=0","origin":"logs.info","raw":"{}"}
{"error":"missing required fields: level=\"info\" service=\"broken-service\" status_code=0","origin":"logs.info","raw":"{\"level\":\"info\",\"service\":\"broken-service\"}"}
{"error":"missing required fields: level=\"info\" service=\"broken-service\" status_code=0","origin":"logs.info","raw":"{\"level\":\"info\",\"service\":\"broken-service\"}"}
{"error":"missing required fields: level=\"\" service=\"\" status_code=0","origin":"logs.info","raw":"{}"}
{"error":"missing required fields: level=\"info\" service=\"broken-service\" status_code=0","origin":"logs.info","raw":"{\"level\":\"info\",\"service\":\"broken-service\"}"}
{"error":"missing required fields: level=\"info\" service=\"broken-service\" status_code=0","origin":"logs.info","raw":"{\"level\":\"info\",\"service\":\"broken-service\"}"}
{"error":"missing required fields: level=\"\" service=\"\" status_code=0","origin":"logs.info","raw":"{}"}
{"error":"missing required fields: level=\"\" service=\"\" status_code=0","origin":"logs.error","raw":"{}"}
{"error":"missing required fields: level=\"\" service=\"\" status_code=0","origin":"logs.info","raw":"{}"}
{"error":"missing required fields: level=\"info\" service=\"broken-service\" status_code=0","origin":"logs.info","raw":"{\"level\":\"info\",\"service\":\"broken-service\"}"}
{"error":"invalid character 'o' in literal null (expecting 'u')","origin":"logs.info","raw":"not json at all"}
{"error":"missing required fields: level=\"\" service=\"\" status_code=0","origin":"logs.warn","raw":"{}"}
{"error":"missing required fields: level=\"\" service=\"\" status_code=0","origin":"logs.info","raw":"{}"}
{"error":"missing required fields: level=\"\" service=\"\" status_code=0","origin":"logs.warn","raw":"{}"}
{"error":"missing required fields: level=\"\" service=\"\" status_code=0","origin":"logs.info","raw":"{}"}
{"error":"missing required fields: level=\"\" service=\"\" status_code=0","origin":"logs.info","raw":"{}"}
{"error":"missing required fields: level=\"\" service=\"\" status_code=0","origin":"logs.info","raw":"{}"}
{"error":"missing required fields: level=\"\" service=\"\" status_code=0","origin":"logs.info","raw":"{}"}
{"error":"missing required fields: level=\"\" service=\"\" status_code=0","origin":"logs.info","raw":"{}"}
{"error":"missing required fields: level=\"\" service=\"\" status_code=0","origin":"logs.info","raw":"{}"}
{"error":"missing required fields: level=\"\" service=\"\" status_code=0","origin":"logs.info","raw":"{}"}
{"error":"invalid character 'o' in literal null (expecting 'u')","origin":"logs.error","raw":"not json at all"}
{"error":"missing required fields: level=\"\" service=\"\" status_code=0","origin":"logs.info","raw":"{}"}
{"error":"json: cannot unmarshal number into Go struct field LogEntry.level of type string","origin":"logs.error","raw":"{\"timestamp\":\"now\",\"level\":42,\"status_code\":\"OK\",\"response_time_ms\":\"fast\"}"}
{"error":"missing required fields: level=\"\" service=\"\" status_code=0","origin":"logs.info","raw":"{}"}
{"error":"missing required fields: level=\"\" service=\"\" status_code=0","origin":"logs.info","raw":"{}"}
{"error":"missing required fields: level=\"\" service=\"\" status_code=0","origin":"logs.info","raw":"{}"}
{"error":"missing required fields: level=\"\" service=\"\" status_code=0","origin":"logs.info","raw":"{}"}
{"error":"missing required fields: level=\"\" service=\"\" status_code=0","origin":"logs.info","raw":"{}"}
{"error":"missing required fields: level=\"\" service=\"\" status_code=0","origin":"logs.info","raw":"{}"}
{"error":"missing required fields: level=\"\" service=\"\" status_code=0","origin":"logs.info","raw":"{}"}
{"error":"missing required fields: level=\"\" service=\"\" status_code=0","origin":"logs.info","raw":"{}"}
{"error":"missing required fields: level=\"\" service=\"\" status_code=0","origin":"logs.info","raw":"{}"}
{"error":"invalid character '\u003c' looking for beginning of value","origin":"logs.info","raw":"\u003c13\u003eMay 8 host sshd[1234]: invalid user admin"}
{"error":"missing required fields: level=\"\" service=\"\" status_code=0","origin":"logs.info","raw":"{}"}
{"error":"missing required fields: level=\"\" service=\"\" status_code=0","origin":"logs.info","raw":"{}"}
{"error":"missing required fields: level=\"\" service=\"\" status_code=0","origin":"logs.info","raw":"{}"}
{"error":"missing required fields: level=\"\" service=\"\" status_code=0","origin":"logs.info","raw":"{}"}
{"error":"missing required fields: level=\"\" service=\"\" status_code=0","origin":"logs.info","raw":"{}"}
{"error":"invalid character 'o' in literal null (expecting 'u')","origin":"logs.info","raw":"not json at all"}
{"error":"missing required fields: level=\"\" service=\"\" status_code=0","origin":"logs.info","raw":"{}"}
{"error":"missing required fields: level=\"\" service=\"\" status_code=0","origin":"logs.info","raw":"{}"}
{"error":"missing required fields: level=\"\" service=\"\" status_code=0","origin":"logs.info","raw":"{}"}
{"error":"missing required fields: level=\"\" service=\"\" status_code=0","origin":"logs.info","raw":"{}"}
{"error":"missing required fields: level=\"\" service=\"\" status_code=0","origin":"logs.info","raw":"{}"}
{"error":"missing required fields: level=\"\" service=\"\" status_code=0","origin":"logs.info","raw":"{}"}
{"error":"missing required fields: level=\"\" service=\"\" status_code=0","origin":"logs.error","raw":"{}"}
{"error":"missing required fields: level=\"\" service=\"\" status_code=0","origin":"logs.info","raw":"{}"}
{"error":"missing required fields: level=\"\" service=\"\" status_code=0","origin":"logs.info","raw":"{}"}
{"error":"missing required fields: level=\"\" service=\"\" status_code=0","origin":"logs.info","raw":"{}"}
{"error":"missing required fields: level=\"\" service=\"\" status_code=0","origin":"logs.info","raw":"{}"}
{"error":"missing required fields: level=\"\" service=\"\" status_code=0","origin":"logs.info","raw":"{}"}
{"error":"missing required fields: level=\"\" service=\"\" status_code=0","origin":"logs.info","raw":"{}"}
{"error":"missing required fields: level=\"\" service=\"\" status_code=0","origin":"logs.info","raw":"{}"}
{"error":"missing required fields: level=\"\" service=\"\" status_code=0","origin":"logs.info","raw":"{}"}
{"error":"missing required fields: level=\"\" service=\"\" status_code=0","origin":"logs.info","raw":"{}"}
{"error":"missing required fields: level=\"\" service=\"\" status_code=0","origin":"logs.info","raw":"{}"}
{"error":"missing required fields: level=\"info\" service=\"broken-service\" status_code=0","origin":"logs.warn","raw":"{\"level\":\"info\",\"service\":\"broken-service\"}"}
{"error":"missing required fields: level=\"\" service=\"\" status_code=0","origin":"logs.info","raw":"{}"}
{"error":"invalid character 'o' in literal null (expecting 'u')","origin":"logs.info","raw":"not json at all"}
{"error":"missing required fields: level=\"\" service=\"\" status_code=0","origin":"logs.info","raw":"{}"}
{"error":"missing required fields: level=\"\" service=\"\" status_code=0","origin":"logs.info","raw":"{}"}
{"error":"missing required fields: level=\"\" service=\"\" status_code=0","origin":"logs.info","raw":"{}"}
{"error":"missing required fields: level=\"info\" service=\"broken-service\" status_code=0","origin":"logs.info","raw":"{\"level\":\"info\",\"service\":\"broken-service\"}"}
{"error":"missing required fields: level=\"\" service=\"\" status_code=0","origin":"logs.info","raw":"{}"}
{"error":"missing required fields: level=\"\" service=\"\" status_code=0","origin":"logs.info","raw":"{}"}
{"error":"invalid character '\u003c' looking for beginning of value","origin":"logs.info","raw":"\u003c13\u003eMay 8 host sshd[1234]: invalid user admin"}
{"error":"missing required fields: level=\"\" service=\"\" status_code=0","origin":"logs.info","raw":"{}"}
{"error":"missing required fields: level=\"\" service=\"\" status_code=0","origin":"logs.info","raw":"{}"}
{"error":"missing required fields: level=\"info\" service=\"broken-service\" status_code=0","origin":"logs.info","raw":"{\"level\":\"info\",\"service\":\"broken-service\"}"}
{"error":"missing required fields: level=\"\" service=\"\" status_code=0","origin":"logs.info","raw":"{}"}
{"error":"missing required fields: level=\"\" service=\"\" status_code=0","origin":"logs.warn","raw":"{}"}
{"error":"missing required fields: level=\"\" service=\"\" status_code=0","origin":"logs.info","raw":"{}"}
{"error":"missing required fields: level=\"\" service=\"\" status_code=0","origin":"logs.info","raw":"{}"}
{"error":"missing required fields: level=\"\" service=\"\" status_code=0","origin":"logs.info","raw":"{}"}
{"error":"missing required fields: level=\"info\" service=\"broken-service\" status_code=0","origin":"logs.info","raw":"{\"level\":\"info\",\"service\":\"broken-service\"}"}
{"error":"missing required fields: level=\"info\" service=\"broken-service\" status_code=0","origin":"logs.info","raw":"{\"level\":\"info\",\"service\":\"broken-service\"}"}
{"error":"missing required fields: level=\"\" service=\"\" status_code=0","origin":"logs.info","raw":"{}"}
{"error":"missing required fields: level=\"\" service=\"\" status_code=0","origin":"logs.info","raw":"{}"}
{"error":"missing required fields: level=\"\" service=\"\" status_code=0","origin":"logs.info","raw":"{}"}
{"error":"missing required fields: level=\"\" service=\"\" status_code=0","origin":"logs.info","raw":"{}"}
{"error":"missing required fields: level=\"\" service=\"\" status_code=0","origin":"logs.info","raw":"{}"}
{"error":"missing required fields: level=\"info\" service=\"broken-service\" status_code=0","origin":"logs.info","raw":"{\"level\":\"info\",\"service\":\"broken-service\"}"}
{"error":"invalid character 'o' in literal null (expecting 'u')","origin":"logs.warn","raw":"not json at all"}
{"error":"missing required fields: level=\"info\" service=\"broken-service\" status_code=0","origin":"logs.info","raw":"{\"level\":\"info\",\"service\":\"broken-service\"}"}
{"error":"json: cannot unmarshal number into Go struct field LogEntry.level of type string","origin":"logs.warn","raw":"{\"timestamp\":\"now\",\"level\":42,\"status_code\":\"OK\",\"response_time_ms\":\"fast\"}"}
{"error":"missing required fields: level=\"\" service=\"\" status_code=0","origin":"logs.info","raw":"{}"}
{"error":"missing required fields: level=\"\" service=\"\" status_code=0","origin":"logs.info","raw":"{}"}
{"error":"missing required fields: level=\"\" service=\"\" status_code=0","origin":"logs.info","raw":"{}"}
{"error":"missing required fields: level=\"\" service=\"\" status_code=0","origin":"logs.info","raw":"{}"}
{"error":"missing required fields: level=\"\" service=\"\" status_code=0","origin":"logs.info","raw":"{}"}
{"error":"missing required fields: level=\"info\" service=\"broken-service\" status_code=0","origin":"logs.info","raw":"{\"level\":\"info\",\"service\":\"broken-service\"}"}
{"error":"missing required fields: level=\"info\" service=\"broken-service\" status_code=0","origin":"logs.info","raw":"{\"level\":\"info\",\"service\":\"broken-service\"}"}
{"error":"missing required fields: level=\"\" service=\"\" status_code=0","origin":"logs.info","raw":"{}"}
{"error":"missing required fields: level=\"\" service=\"\" status_code=0","origin":"logs.info","raw":"{}"}
{"error":"missing required fields: level=\"\" service=\"\" status_code=0","origin":"logs.info","raw":"{}"}
{"error":"missing required fields: level=\"\" service=\"\" status_code=0","origin":"logs.info","raw":"{}"}
{"error":"missing required fields: level=\"\" service=\"\" status_code=0","origin":"logs.info","raw":"{}"}
{"error":"missing required fields: level=\"info\" service=\"broken-service\" status_code=0","origin":"logs.info","raw":"{\"level\":\"info\",\"service\":\"broken-service\"}"}
{"error":"missing required fields: level=\"info\" service=\"broken-service\" status_code=0","origin":"logs.info","raw":"{\"level\":\"info\",\"service\":\"broken-service\"}"}
{"error":"missing required fields: level=\"\" service=\"\" status_code=0","origin":"logs.info","raw":"{}"}
{"error":"missing required fields: level=\"\" service=\"\" status_code=0","origin":"logs.info","raw":"{}"}
{"error":"missing required fields: level=\"\" service=\"\" status_code=0","origin":"logs.info","raw":"{}"}
{"error":"json: cannot unmarshal number into Go struct field LogEntry.level of type string","origin":"logs.warn","raw":"{\"timestamp\":\"now\",\"level\":42,\"status_code\":\"OK\",\"response_time_ms\":\"fast\"}"}
{"error":"missing required fields: level=\"\" service=\"\" status_code=0","origin":"logs.info","raw":"{}"}
{"error":"missing required fields: level=\"\" service=\"\" status_code=0","origin":"logs.info","raw":"{}"}
{"error":"json: cannot unmarshal number into Go struct field LogEntry.level of type string","origin":"logs.info","raw":"{\"timestamp\":\"now\",\"level\":42,\"status_code\":\"OK\",\"response_time_ms\":\"fast\"}"}
{"error":"missing required fields: level=\"info\" service=\"broken-service\" status_code=0","origin":"logs.info","raw":"{\"level\":\"info\",\"service\":\"broken-service\"}"}
{"error":"missing required fields: level=\"info\" service=\"broken-service\" status_code=0","origin":"logs.info","raw":"{\"level\":\"info\",\"service\":\"broken-service\"}"}
{"error":"missing required fields: level=\"\" service=\"\" status_code=0","origin":"logs.info","raw":"{}"}
{"error":"missing required fields: level=\"\" service=\"\" status_code=0","origin":"logs.info","raw":"{}"}
{"error":"missing required fields: level=\"\" service=\"\" status_code=0","origin":"logs.info","raw":"{}"}
{"error":"missing required fields: level=\"\" service=\"\" status_code=0","origin":"logs.info","raw":"{}"}
{"error":"missing required fields: level=\"\" service=\"\" status_code=0","origin":"logs.info","raw":"{}"}
{"error":"missing required fields: level=\"info\" service=\"broken-service\" status_code=0","origin":"logs.info","raw":"{\"level\":\"info\",\"service\":\"broken-service\"}"}
{"error":"missing required fields: level=\"info\" service=\"broken-service\" status_code=0","origin":"logs.info","raw":"{\"level\":\"info\",\"service\":\"broken-service\"}"}
{"error":"invalid character '\u003c' looking for beginning of value","origin":"logs.info","raw":"\u003c13\u003eMay 8 host sshd[1234]: invalid user admin"}
{"error":"missing required fields: level=\"\" service=\"\" status_code=0","origin":"logs.info","raw":"{}"}
{"error":"missing required fields: level=\"\" service=\"\" status_code=0","origin":"logs.info","raw":"{}"}
{"error":"missing required fields: level=\"\" service=\"\" status_code=0","origin":"logs.info","raw":"{}"}
{"error":"missing required fields: level=\"\" service=\"\" status_code=0","origin":"logs.info","raw":"{}"}
{"error":"missing required fields: level=\"\" service=\"\" status_code=0","origin":"logs.info","raw":"{}"}
{"error":"missing required fields: level=\"info\" service=\"broken-service\" status_code=0","origin":"logs.info","raw":"{\"level\":\"info\",\"service\":\"broken-service\"}"}
{"error":"missing required fields: level=\"info\" service=\"broken-service\" status_code=0","origin":"logs.info","raw":"{\"level\":\"info\",\"service\":\"broken-service\"}"}
{"error":"missing required fields: level=\"\" service=\"\" status_code=0","origin":"logs.info","raw":"{}"}
{"error":"missing required fields: level=\"\" service=\"\" status_code=0","origin":"logs.info","raw":"{}"}
{"error":"missing required fields: level=\"\" service=\"\" status_code=0","origin":"logs.info","raw":"{}"}
{"error":"missing required fields: level=\"\" service=\"\" status_code=0","origin":"logs.info","raw":"{}"}
{"error":"missing required fields: level=\"\" service=\"\" status_code=0","origin":"logs.info","raw":"{}"}
{"error":"missing required fields: level=\"info\" service=\"broken-service\" status_code=0","origin":"logs.info","raw":"{\"level\":\"info\",\"service\":\"broken-service\"}"}
{"error":"missing required fields: level=\"info\" service=\"broken-service\" status_code=0","origin":"logs.info","raw":"{\"level\":\"info\",\"service\":\"broken-service\"}"}
{"error":"missing required fields: level=\"\" service=\"\" status_code=0","origin":"logs.info","raw":"{}"}
{"error":"missing required fields: level=\"\" service=\"\" status_code=0","origin":"logs.info","raw":"{}"}
{"error":"missing required fields: level=\"\" service=\"\" status_code=0","origin":"logs.info","raw":"{}"}
{"error":"missing required fields: level=\"\" service=\"\" status_code=0","origin":"logs.info","raw":"{}"}
{"error":"missing required fields: level=\"\" service=\"\" status_code=0","origin":"logs.info","raw":"{}"}
{"error":"missing required fields: level=\"info\" service=\"broken-service\" status_code=0","origin":"logs.info","raw":"{\"level\":\"info\",\"service\":\"broken-service\"}"}
{"error":"missing required fields: level=\"info\" service=\"broken-service\" status_code=0","origin":"logs.info","raw":"{\"level\":\"info\",\"service\":\"broken-service\"}"}
{"error":"missing required fields: level=\"\" service=\"\" status_code=0","origin":"logs.info","raw":"{}"}
{"error":"missing required fields: level=\"\" service=\"\" status_code=0","origin":"logs.info","raw":"{}"}
{"error":"missing required fields: level=\"\" service=\"\" status_code=0","origin":"logs.info","raw":"{}"}
{"error":"missing required fields: level=\"\" service=\"\" status_code=0","origin":"logs.info","raw":"{}"}
{"error":"missing required fields: level=\"\" service=\"\" status_code=0","origin":"logs.info","raw":"{}"}
{"error":"missing required fields: level=\"info\" service=\"broken-service\" status_code=0","origin":"logs.info","raw":"{\"level\":\"info\",\"service\":\"broken-service\"}"}
{"error":"missing required fields: level=\"info\" service=\"broken-service\" status_code=0","origin":"logs.info","raw":"{\"level\":\"info\",\"service\":\"broken-service\"}"}
{"error":"missing required fields: level=\"\" service=\"\" status_code=0","origin":"logs.info","raw":"{}"}
{"error":"missing required fields: level=\"\" service=\"\" status_code=0","origin":"logs.info","raw":"{}"}
{"error":"missing required fields: level=\"\" service=\"\" status_code=0","origin":"logs.info","raw":"{}"}
{"error":"missing required fields: level=\"\" service=\"\" status_code=0","origin":"logs.info","raw":"{}"}
{"error":"missing required fields: level=\"\" service=\"\" status_code=0","origin":"logs.info","raw":"{}"}
{"error":"missing required fields: level=\"info\" service=\"broken-service\" status_code=0","origin":"logs.info","raw":"{\"level\":\"info\",\"service\":\"broken-service\"}"}
{"error":"missing required fields: level=\"info\" service=\"broken-service\" status_code=0","origin":"logs.info","raw":"{\"level\":\"info\",\"service\":\"broken-service\"}"}
{"error":"missing required fields: level=\"\" service=\"\" status_code=0","origin":"logs.info","raw":"{}"}
{"error":"missing required fields: level=\"info\" service=\"broken-service\" status_code=0","origin":"logs.error","raw":"{\"level\":\"info\",\"service\":\"broken-service\"}"}
{"error":"missing required fields: level=\"\" service=\"\" status_code=0","origin":"logs.info","raw":"{}"}
{"error":"missing required fields: level=\"\" service=\"\" status_code=0","origin":"logs.info","raw":"{}"}
{"error":"missing required fields: level=\"\" service=\"\" status_code=0","origin":"logs.info","raw":"{}"}
{"error":"missing required fields: level=\"\" service=\"\" status_code=0","origin":"logs.info","raw":"{}"}
{"error":"missing required fields: level=\"info\" service=\"broken-service\" status_code=0","origin":"logs.info","raw":"{\"level\":\"info\",\"service\":\"broken-service\"}"}
{"error":"missing required fields: level=\"info\" service=\"broken-service\" status_code=0","origin":"logs.info","raw":"{\"level\":\"info\",\"service\":\"broken-service\"}"}
{"error":"missing required fields: level=\"\" service=\"\" status_code=0","origin":"logs.info","raw":"{}"}
{"error":"missing required fields: level=\"info\" service=\"broken-service\" status_code=0","origin":"logs.info","raw":"{\"level\":\"info\",\"service\":\"broken-service\"}"}
{"error":"json: cannot unmarshal number into Go struct field LogEntry.level of type string","origin":"logs.info","raw":"{\"timestamp\":\"now\",\"level\":42,\"status_code\":\"OK\",\"response_time_ms\":\"fast\"}"}
{"error":"missing required fields: level=\"\" service=\"\" status_code=0","origin":"logs.info","raw":"{}"}
{"error":"missing required fields: level=\"\" service=\"\" status_code=0","origin":"logs.info","raw":"{}"}
{"error":"missing required fields: level=\"\" service=\"\" status_code=0","origin":"logs.info","raw":"{}"}
{"error":"json: cannot unmarshal number into Go struct field LogEntry.level of type string","origin":"logs.error","raw":"{\"timestamp\":\"now\",\"level\":42,\"status_code\":\"OK\",\"response_time_ms\":\"fast\"}"}
{"error":"missing required fields: level=\"\" service=\"\" status_code=0","origin":"logs.info","raw":"{}"}
{"error":"missing required fields: level=\"info\" service=\"broken-service\" status_code=0","origin":"logs.info","raw":"{\"level\":\"info\",\"service\":\"broken-service\"}"}
{"error":"missing required fields: level=\"info\" service=\"broken-service\" status_code=0","origin":"logs.info","raw":"{\"level\":\"info\",\"service\":\"broken-service\"}"}
{"error":"missing required fields: level=\"\" service=\"\" status_code=0","origin":"logs.info","raw":"{}"}
{"error":"missing required fields: level=\"info\" service=\"broken-service\" status_code=0","origin":"logs.info","raw":"{\"level\":\"info\",\"service\":\"broken-service\"}"}
{"error":"missing required fields: level=\"\" service=\"\" status_code=0","origin":"logs.info","raw":"{}"}
{"error":"missing required fields: level=\"\" service=\"\" status_code=0","origin":"logs.info","raw":"{}"}
{"error":"missing required fields: level=\"\" service=\"\" status_code=0","origin":"logs.info","raw":"{}"}
{"error":"missing required fields: level=\"\" service=\"\" status_code=0","origin":"logs.info","raw":"{}"}
{"error":"missing required fields: level=\"info\" service=\"broken-service\" status_code=0","origin":"logs.info","raw":"{\"level\":\"info\",\"service\":\"broken-service\"}"}
{"error":"missing required fields: level=\"info\" service=\"broken-service\" status_code=0","origin":"logs.info","raw":"{\"level\":\"info\",\"service\":\"broken-service\"}"}
{"error":"missing required fields: level=\"\" service=\"\" status_code=0","origin":"logs.info","raw":"{}"}
{"error":"missing required fields: level=\"info\" service=\"broken-service\" status_code=0","origin":"logs.info","raw":"{\"level\":\"info\",\"service\":\"broken-service\"}"}
{"error":"invalid character '\u003c' looking for beginning of value","origin":"logs.error","raw":"\u003c13\u003eMay 8 host sshd[1234]: invalid user admin"}
{"error":"missing required fields: level=\"\" service=\"\" status_code=0","origin":"logs.info","raw":"{}"}
{"error":"missing required fields: level=\"\" service=\"\" status_code=0","origin":"logs.info","raw":"{}"}
{"error":"missing required fields: level=\"\" service=\"\" status_code=0","origin":"logs.info","raw":"{}"}
{"error":"missing required fields: level=\"\" service=\"\" status_code=0","origin":"logs.info","raw":"{}"}
{"error":"missing required fields: level=\"info\" service=\"broken-service\" status_code=0","origin":"logs.info","raw":"{\"level\":\"info\",\"service\":\"broken-service\"}"}
{"error":"missing required fields: level=\"info\" service=\"broken-service\" status_code=0","origin":"logs.info","raw":"{\"level\":\"info\",\"service\":\"broken-service\"}"}
{"error":"missing required fields: level=\"\" service=\"\" status_code=0","origin":"logs.info","raw":"{}"}
{"error":"missing required fields: level=\"info\" service=\"broken-service\" status_code=0","origin":"logs.warn","raw":"{\"level\":\"info\",\"service\":\"broken-service\"}"}
{"error":"missing required fields: level=\"info\" service=\"broken-service\" status_code=0","origin":"logs.info","raw":"{\"level\":\"info\",\"service\":\"broken-service\"}"}
{"error":"missing required fields: level=\"\" service=\"\" status_code=0","origin":"logs.info","raw":"{}"}
{"error":"missing required fields: level=\"\" service=\"\" status_code=0","origin":"logs.info","raw":"{}"}
{"error":"missing required fields: level=\"\" service=\"\" status_code=0","origin":"logs.info","raw":"{}"}
{"error":"missing required fields: level=\"\" service=\"\" status_code=0","origin":"logs.info","raw":"{}"}
{"error":"missing required fields: level=\"info\" service=\"broken-service\" status_code=0","origin":"logs.info","raw":"{\"level\":\"info\",\"service\":\"broken-service\"}"}
{"error":"missing required fields: level=\"info\" service=\"broken-service\" status_code=0","origin":"logs.info","raw":"{\"level\":\"info\",\"service\":\"broken-service\"}"}
{"error":"missing required fields: level=\"\" service=\"\" status_code=0","origin":"logs.info","raw":"{}"}
{"error":"missing required fields: level=\"info\" service=\"broken-service\" status_code=0","origin":"logs.info","raw":"{\"level\":\"info\",\"service\":\"broken-service\"}"}
{"error":"missing required fields: level=\"info\" service=\"broken-service\" status_code=0","origin":"logs.info","raw":"{\"level\":\"info\",\"service\":\"broken-service\"}"}
{"error":"missing required fields: level=\"\" service=\"\" status_code=0","origin":"logs.info","raw":"{}"}
{"error":"missing required fields: level=\"\" service=\"\" status_code=0","origin":"logs.info","raw":"{}"}
{"error":"invalid character 'o' in literal null (expecting 'u')","origin":"logs.info","raw":"not json at all"}
{"error":"missing required fields: level=\"\" service=\"\" status_code=0","origin":"logs.info","raw":"{}"}
{"error":"missing required fields: level=\"\" service=\"\" status_code=0","origin":"logs.info","raw":"{}"}
{"error":"missing required fields: level=\"info\" service=\"broken-service\" status_code=0","origin":"logs.info","raw":"{\"level\":\"info\",\"service\":\"broken-service\"}"}
{"error":"invalid character 'o' in literal null (expecting 'u')","origin":"logs.error","raw":"not json at all"}
{"error":"missing required fields: level=\"info\" service=\"broken-service\" status_code=0","origin":"logs.info","raw":"{\"level\":\"info\",\"service\":\"broken-service\"}"}
{"error":"missing required fields: level=\"\" service=\"\" status_code=0","origin":"logs.info","raw":"{}"}
{"error":"missing required fields: level=\"\" service=\"\" status_code=0","origin":"logs.info","raw":"{}"}
{"error":"missing required fields: level=\"info\" service=\"broken-service\" status_code=0","origin":"logs.info","raw":"{\"level\":\"info\",\"service\":\"broken-service\"}"}
{"error":"invalid character '\u003c' looking for beginning of value","origin":"logs.info","raw":"\u003c13\u003eMay 8 host sshd[1234]: invalid user admin"}
{"error":"missing required fields: level=\"info\" service=\"broken-service\" status_code=0","origin":"logs.info","raw":"{\"level\":\"info\",\"service\":\"broken-service\"}"}
{"error":"missing required fields: level=\"\" service=\"\" status_code=0","origin":"logs.info","raw":"{}"}
{"error":"missing required fields: level=\"\" service=\"\" status_code=0","origin":"logs.info","raw":"{}"}
{"error":"missing required fields: level=\"\" service=\"\" status_code=0","origin":"logs.info","raw":"{}"}
{"error":"missing required fields: level=\"\" service=\"\" status_code=0","origin":"logs.info","raw":"{}"}
{"error":"missing required fields: level=\"info\" service=\"broken-service\" status_code=0","origin":"logs.info","raw":"{\"level\":\"info\",\"service\":\"broken-service\"}"}
{"error":"invalid character '\u003c' looking for beginning of value","origin":"logs.warn","raw":"\u003c13\u003eMay 8 host sshd[1234]: invalid user admin"}
{"error":"missing required fields: level=\"info\" service=\"broken-service\" status_code=0","origin":"logs.info","raw":"{\"level\":\"info\",\"service\":\"broken-service\"}"}
{"error":"missing required fields: level=\"\" service=\"\" status_code=0","origin":"logs.info","raw":"{}"}
{"error":"missing required fields: level=\"\" service=\"\" status_code=0","origin":"logs.info","raw":"{}"}
{"error":"missing required fields: level=\"info\" service=\"broken-service\" status_code=0","origin":"logs.info","raw":"{\"level\":\"info\",\"service\":\"broken-service\"}"}
{"error":"missing required fields: level=\"\" service=\"\" status_code=0","origin":"logs.error","raw":"{}"}
{"error":"missing required fields: level=\"info\" service=\"broken-service\" status_code=0","origin":"logs.info","raw":"{\"level\":\"info\",\"service\":\"broken-service\"}"}
{"error":"missing required fields: level=\"\" service=\"\" status_code=0","origin":"logs.info","raw":"{}"}
{"error":"missing required fields: level=\"\" service=\"\" status_code=0","origin":"logs.info","raw":"{}"}
{"error":"missing required fields: level=\"\" service=\"\" status_code=0","origin":"logs.info","raw":"{}"}
{"error":"missing required fields: level=\"\" service=\"\" status_code=0","origin":"logs.error","raw":"{}"}
{"error":"missing required fields: level=\"\" service=\"\" status_code=0","origin":"logs.info","raw":"{}"}
{"error":"missing required fields: level=\"info\" service=\"broken-service\" status_code=0","origin":"logs.info","raw":"{\"level\":\"info\",\"service\":\"broken-service\"}"}
{"error":"missing required fields: level=\"info\" service=\"broken-service\" status_code=0","origin":"logs.info","raw":"{\"level\":\"info\",\"service\":\"broken-service\"}"}
{"error":"missing required fields: level=\"\" service=\"\" status_code=0","origin":"logs.info","raw":"{}"}
{"error":"missing required fields: level=\"\" service=\"\" status_code=0","origin":"logs.info","raw":"{}"}
{"error":"missing required fields: level=\"info\" service=\"broken-service\" status_code=0","origin":"logs.info","raw":"{\"level\":\"info\",\"service\":\"broken-service\"}"}
{"error":"missing required fields: level=\"\" service=\"\" status_code=0","origin":"logs.info","raw":"{}"}
{"error":"missing required fields: level=\"info\" service=\"broken-service\" status_code=0","origin":"logs.info","raw":"{\"level\":\"info\",\"service\":\"broken-service\"}"}
{"error":"missing required fields: level=\"\" service=\"\" status_code=0","origin":"logs.info","raw":"{}"}
{"error":"missing required fields: level=\"\" service=\"\" status_code=0","origin":"logs.info","raw":"{}"}
{"error":"missing required fields: level=\"\" service=\"\" status_code=0","origin":"logs.info","raw":"{}"}
{"error":"missing required fields: level=\"\" service=\"\" status_code=0","origin":"logs.info","raw":"{}"}
{"error":"missing required fields: level=\"\" service=\"\" status_code=0","origin":"logs.info","raw":"{}"}
{"error":"missing required fields: level=\"info\" service=\"broken-service\" status_code=0","origin":"logs.info","raw":"{\"level\":\"info\",\"service\":\"broken-service\"}"}
{"error":"missing required fields: level=\"info\" service=\"broken-service\" status_code=0","origin":"logs.info","raw":"{\"level\":\"info\",\"service\":\"broken-service\"}"}
{"error":"missing required fields: level=\"\" service=\"\" status_code=0","origin":"logs.info","raw":"{}"}
{"error":"missing required fields: level=\"\" service=\"\" status_code=0","origin":"logs.info","raw":"{}"}
{"error":"missing required fields: level=\"info\" service=\"broken-service\" status_code=0","origin":"logs.info","raw":"{\"level\":\"info\",\"service\":\"broken-service\"}"}
{"error":"missing required fields: level=\"\" service=\"\" status_code=0","origin":"logs.info","raw":"{}"}
{"error":"missing required fields: level=\"\" service=\"\" status_code=0","origin":"logs.info","raw":"{}"}
{"error":"json: cannot unmarshal number into Go struct field LogEntry.level of type string","origin":"logs.error","raw":"{\"timestamp\":\"now\",\"level\":42,\"status_code\":\"OK\",\"response_time_ms\":\"fast\"}"}
{"error":"missing required fields: level=\"info\" service=\"broken-service\" status_code=0","origin":"logs.info","raw":"{\"level\":\"info\",\"service\":\"broken-service\"}"}
{"error":"missing required fields: level=\"\" service=\"\" status_code=0","origin":"logs.info","raw":"{}"}
{"error":"missing required fields: level=\"info\" service=\"broken-service\" status_code=0","origin":"logs.warn","raw":"{\"level\":\"info\",\"service\":\"broken-service\"}"}
{"error":"missing required fields: level=\"\" service=\"\" status_code=0","origin":"logs.info","raw":"{}"}
{"error":"missing required fields: level=\"\" service=\"\" status_code=0","origin":"logs.info","raw":"{}"}
{"error":"missing required fields: level=\"\" service=\"\" status_code=0","origin":"logs.info","raw":"{}"}
{"error":"missing required fields: level=\"\" service=\"\" status_code=0","origin":"logs.info","raw":"{}"}
{"error":"missing required fields: level=\"info\" service=\"broken-service\" status_code=0","origin":"logs.info","raw":"{\"level\":\"info\",\"service\":\"broken-service\"}"}
{"error":"missing required fields: level=\"info\" service=\"broken-service\" status_code=0","origin":"logs.info","raw":"{\"level\":\"info\",\"service\":\"broken-service\"}"}
{"error":"missing required fields: level=\"\" service=\"\" status_code=0","origin":"logs.info","raw":"{}"}
{"error":"missing required fields: level=\"\" service=\"\" status_code=0","origin":"logs.error","raw":"{}"}
{"error":"missing required fields: level=\"\" service=\"\" status_code=0","origin":"logs.info","raw":"{}"}
{"error":"missing required fields: level=\"info\" service=\"broken-service\" status_code=0","origin":"logs.info","raw":"{\"level\":\"info\",\"service\":\"broken-service\"}"}
{"error":"missing required fields: level=\"\" service=\"\" status_code=0","origin":"logs.info","raw":"{}"}
{"error":"missing required fields: level=\"\" service=\"\" status_code=0","origin":"logs.info","raw":"{}"}
{"error":"missing required fields: level=\"info\" service=\"broken-service\" status_code=0","origin":"logs.info","raw":"{\"level\":\"info\",\"service\":\"broken-service\"}"}
{"error":"missing required fields: level=\"\" service=\"\" status_code=0","origin":"logs.info","raw":"{}"}
{"error":"missing required fields: level=\"info\" service=\"broken-service\" status_code=0","origin":"logs.info","raw":"{\"level\":\"info\",\"service\":\"broken-service\"}"}
{"error":"missing required fields: level=\"\" service=\"\" status_code=0","origin":"logs.info","raw":"{}"}
{"error":"missing required fields: level=\"\" service=\"\" status_code=0","origin":"logs.info","raw":"{}"}
{"error":"missing required fields: level=\"\" service=\"\" status_code=0","origin":"logs.info","raw":"{}"}
{"error":"missing required fields: level=\"\" service=\"\" status_code=0","origin":"logs.info","raw":"{}"}
{"error":"missing required fields: level=\"info\" service=\"broken-service\" status_code=0","origin":"logs.info","raw":"{\"level\":\"info\",\"service\":\"broken-service\"}"}
{"error":"missing required fields: level=\"info\" service=\"broken-service\" status_code=0","origin":"logs.info","raw":"{\"level\":\"info\",\"service\":\"broken-service\"}"}
{"error":"missing required fields: level=\"\" service=\"\" status_code=0","origin":"logs.info","raw":"{}"}
{"error":"invalid character '\u003c' looking for beginning of value","origin":"logs.warn","raw":"\u003c13\u003eMay 8 host sshd[1234]: invalid user admin"}
{"error":"missing required fields: level=\"\" service=\"\" status_code=0","origin":"logs.info","raw":"{}"}
{"error":"missing required fields: level=\"\" service=\"\" status_code=0","origin":"logs.info","raw":"{}"}
{"error":"missing required fields: level=\"info\" service=\"broken-service\" status_code=0","origin":"logs.info","raw":"{\"level\":\"info\",\"service\":\"broken-service\"}"}
{"error":"missing required fields: level=\"\" service=\"\" status_code=0","origin":"logs.info","raw":"{}"}
{"error":"missing required fields: level=\"\" service=\"\" status_code=0","origin":"logs.info","raw":"{}"}
{"error":"missing required fields: level=\"info\" service=\"broken-service\" status_code=0","origin":"logs.info","raw":"{\"level\":\"info\",\"service\":\"broken-service\"}"}
{"error":"missing required fields: level=\"\" service=\"\" status_code=0","origin":"logs.info","raw":"{}"}
{"error":"missing required fields: level=\"info\" service=\"broken-service\" status_code=0","origin":"logs.info","raw":"{\"level\":\"info\",\"service\":\"broken-service\"}"}
{"error":"missing required fields: level=\"\" service=\"\" status_code=0","origin":"logs.info","raw":"{}"}
{"error":"missing required fields: level=\"\" service=\"\" status_code=0","origin":"logs.info","raw":"{}"}
{"error":"missing required fields: level=\"\" service=\"\" status_code=0","origin":"logs.info","raw":"{}"}
{"error":"missing required fields: level=\"\" service=\"\" status_code=0","origin":"logs.info","raw":"{}"}
{"error":"missing required fields: level=\"info\" service=\"broken-service\" status_code=0","origin":"logs.info","raw":"{\"level\":\"info\",\"service\":\"broken-service\"}"}
{"error":"missing required fields: level=\"info\" service=\"broken-service\" status_code=0","origin":"logs.info","raw":"{\"level\":\"info\",\"service\":\"broken-service\"}"}
{"error":"missing required fields: level=\"\" service=\"\" status_code=0","origin":"logs.info","raw":"{}"}
{"error":"missing required fields: level=\"\" service=\"\" status_code=0","origin":"logs.info","raw":"{}"}
{"error":"missing required fields: level=\"\" service=\"\" status_code=0","origin":"logs.info","raw":"{}"}
{"error":"missing required fields: level=\"\" service=\"\" status_code=0","origin":"logs.warn","raw":"{}"}
{"error":"missing required fields: level=\"info\" service=\"broken-service\" status_code=0","origin":"logs.info","raw":"{\"level\":\"info\",\"service\":\"broken-service\"}"}
{"error":"missing required fields: level=\"\" service=\"\" status_code=0","origin":"logs.info","raw":"{}"}
{"error":"missing required fields: level=\"\" service=\"\" status_code=0","origin":"logs.info","raw":"{}"}
{"error":"missing required fields: level=\"info\" service=\"broken-service\" status_code=0","origin":"logs.info","raw":"{\"level\":\"info\",\"service\":\"broken-service\"}"}
{"error":"missing required fields: level=\"\" service=\"\" status_code=0","origin":"logs.info","raw":"{}"}
{"error":"missing required fields: level=\"info\" service=\"broken-service\" status_code=0","origin":"logs.info","raw":"{\"level\":\"info\",\"service\":\"broken-service\"}"}
{"error":"missing required fields: level=\"\" service=\"\" status_code=0","origin":"logs.info","raw":"{}"}
{"error":"missing required fields: level=\"\" service=\"\" status_code=0","origin":"logs.info","raw":"{}"}
{"error":"missing required fields: level=\"\" service=\"\" status_code=0","origin":"logs.info","raw":"{}"}
{"error":"json: cannot unmarshal number into Go struct field LogEntry.level of type string","origin":"logs.warn","raw":"{\"timestamp\":\"now\",\"level\":42,\"status_code\":\"OK\",\"response_time_ms\":\"fast\"}"}
{"error":"missing required fields: level=\"\" service=\"\" status_code=0","origin":"logs.info","raw":"{}"}
{"error":"missing required fields: level=\"info\" service=\"broken-service\" status_code=0","origin":"logs.info","raw":"{\"level\":\"info\",\"service\":\"broken-service\"}"}
{"error":"json: cannot unmarshal number into Go struct field LogEntry.level of type string","origin":"logs.warn","raw":"{\"timestamp\":\"now\",\"level\":42,\"status_code\":\"OK\",\"response_time_ms\":\"fast\"}"}
{"error":"missing required fields: level=\"info\" service=\"broken-service\" status_code=0","origin":"logs.info","raw":"{\"level\":\"info\",\"service\":\"broken-service\"}"}
{"error":"missing required fields: level=\"\" service=\"\" status_code=0","origin":"logs.info","raw":"{}"}
{"error":"missing required fields: level=\"\" service=\"\" status_code=0","origin":"logs.info","raw":"{}"}
{"error":"missing required fields: level=\"\" service=\"\" status_code=0","origin":"logs.info","raw":"{}"}
{"error":"missing required fields: level=\"\" service=\"\" status_code=0","origin":"logs.info","raw":"{}"}
{"error":"missing required fields: level=\"info\" service=\"broken-service\" status_code=0","origin":"logs.info","raw":"{\"level\":\"info\",\"service\":\"broken-service\"}"}
{"error":"missing required fields: level=\"\" service=\"\" status_code=0","origin":"logs.info","raw":"{}"}
{"error":"missing required fields: level=\"\" service=\"\" status_code=0","origin":"logs.info","raw":"{}"}
{"error":"missing required fields: level=\"info\" service=\"broken-service\" status_code=0","origin":"logs.info","raw":"{\"level\":\"info\",\"service\":\"broken-service\"}"}
{"error":"missing required fields: level=\"\" service=\"\" status_code=0","origin":"logs.info","raw":"{}"}
{"error":"missing required fields: level=\"info\" service=\"broken-service\" status_code=0","origin":"logs.info","raw":"{\"level\":\"info\",\"service\":\"broken-service\"}"}
{"error":"missing required fields: level=\"\" service=\"\" status_code=0","origin":"logs.info","raw":"{}"}
{"error":"missing required fields: level=\"\" service=\"\" status_code=0","origin":"logs.info","raw":"{}"}
{"error":"missing required fields: level=\"\" service=\"\" status_code=0","origin":"logs.info","raw":"{}"}
{"error":"missing required fields: level=\"\" service=\"\" status_code=0","origin":"logs.info","raw":"{}"}
{"error":"missing required fields: level=\"info\" service=\"broken-service\" status_code=0","origin":"logs.info","raw":"{\"level\":\"info\",\"service\":\"broken-service\"}"}
{"error":"missing required fields: level=\"info\" service=\"broken-service\" status_code=0","origin":"logs.info","raw":"{\"level\":\"info\",\"service\":\"broken-service\"}"}
{"error":"missing required fields: level=\"\" service=\"\" status_code=0","origin":"logs.info","raw":"{}"}
{"error":"missing required fields: level=\"\" service=\"\" status_code=0","origin":"logs.info","raw":"{}"}
{"error":"missing required fields: level=\"\" service=\"\" status_code=0","origin":"logs.info","raw":"{}"}
{"error":"missing required fields: level=\"\" service=\"\" status_code=0","origin":"logs.info","raw":"{}"}
{"error":"missing required fields: level=\"info\" service=\"broken-service\" status_code=0","origin":"logs.info","raw":"{\"level\":\"info\",\"service\":\"broken-service\"}"}
{"error":"missing required fields: level=\"\" service=\"\" status_code=0","origin":"logs.info","raw":"{}"}
{"error":"missing required fields: level=\"\" service=\"\" status_code=0","origin":"logs.info","raw":"{}"}
{"error":"missing required fields: level=\"info\" service=\"broken-service\" status_code=0","origin":"logs.info","raw":"{\"level\":\"info\",\"service\":\"broken-service\"}"}
{"error":"missing required fields: level=\"\" service=\"\" status_code=0","origin":"logs.info","raw":"{}"}
{"error":"missing required fields: level=\"info\" service=\"broken-service\" status_code=0","origin":"logs.info","raw":"{\"level\":\"info\",\"service\":\"broken-service\"}"}
{"error":"missing required fields: level=\"\" service=\"\" status_code=0","origin":"logs.info","raw":"{}"}
{"error":"missing required fields: level=\"\" service=\"\" status_code=0","origin":"logs.info","raw":"{}"}
{"error":"missing required fields: level=\"\" service=\"\" status_code=0","origin":"logs.info","raw":"{}"}
{"error":"missing required fields: level=\"\" service=\"\" status_code=0","origin":"logs.error","raw":"{}"}
{"error":"missing required fields: level=\"\" service=\"\" status_code=0","origin":"logs.info","raw":"{}"}
{"error":"missing required fields: level=\"info\" service=\"broken-service\" status_code=0","origin":"logs.warn","raw":"{\"level\":\"info\",\"service\":\"broken-service\"}"}
{"error":"missing required fields: level=\"info\" service=\"broken-service\" status_code=0","origin":"logs.info","raw":"{\"level\":\"info\",\"service\":\"broken-service\"}"}
{"error":"missing required fields: level=\"info\" service=\"broken-service\" status_code=0","origin":"logs.info","raw":"{\"level\":\"info\",\"service\":\"broken-service\"}"}
{"error":"missing required fields: level=\"\" service=\"\" status_code=0","origin":"logs.info","raw":"{}"}
